HIMEM=&20080000
PRINT ((((((((((1+1)+1)+1)+1)+1)+1)+1)+1)+1)+1)+1

Thread 1 "rp2350.dap.core0" hit Breakpoint 1, stack_trap () at /home/pi/pico/PicoBB/src/pico/stack_trap.c:111
111		asm volatile(
(gdb) info registers
r0             0x20080308          537395976
r1             0x28                40
r2             0x6                 6
r3             0x20008c09          536906761
r4             0x20080308          537395976
r5             0x20080308          537395976
r6             0xa                 10
r7             0x20001a50          536877648
r8             0x20080578          537396600
r9             0x28                40
r10            0x20008c0a          536906762
r11            0x20080000          537395200
r12            0xc6d5d431          -959065039
sp             0x200801e8          0x200801e8
lr             0xffffffe9          -23
pc             0x1001618c          0x1001618c <stack_trap>
xpsr           0x89000003          -1996488701
fpscr          0x0                 0
msp            0x200801e8          0x200801e8
psp            0x0                 0x0
msp_ns         0x0                 0x0
psp_ns         0xfffffffc          0xfffffffc
msp_s          0x200801e8          0x200801e8
psp_s          0x0                 0x0
primask        0x0                 0
basepri        0x0                 0
faultmask      0x0                 0
control        0x0                 0
msplim_s       0x0                 0x0
psplim_s       0x0                 0x0
msplim_ns      0x0                 0x0
psplim_ns      0x0                 0x0
--Type <RET> for more, q to quit, c to continue without paging--
primask_s      0x0                 0
basepri_s      0x0                 0
faultmask_s    0x0                 0
control_s      0x0                 0
primask_ns     0x0                 0
basepri_ns     0x0                 0
faultmask_ns   0x0                 0
control_ns     0x0                 0

(gdb) x/64xw $sp
0x200801e8:	0x00000000	0x00000000	0x00000000	0x00000000
0x200801f8:	0x00000000	0x00000000	0x00000000	0x00000000
0x20080208:	0x00000000	0x00000000	0x00000000	0x00000000
0x20080218:	0x00000000	0x00000000	0x00000000	0x00000000
0x20080228:	0x00000000	0x00000000	0x00000000	0x00000000
0x20080238:	0x00000000	0x00000000	0x00000000	0x00000000
0x20080248:	0x00000000	0x00000000	0x00000000	0x00000000
0x20080258:	0x00000000	0x00000000	0x00000000	0x00000000
0x20080268:	0x00000000	0x00000000	0x00000000	0x00000000
0x20080278:	0x00000000	0x00000000	0x00000000	0x00000000
0x20080288:	0x00000000	0x20080308	0x20080308	0x0000000a
0x20080298:	0x20001a50	0x100143a5	0x00000000	0x00000000
0x200802a8:	0x00000000	0x00000000	0x00000000	0x00000000
0x200802b8:	0x00000000	0x00000000	0x00000000	0x00000000
0x200802c8:	0x00000000	0x00000000	0x00000000	0x00000000
0x200802d8:	0x20080578	0x20080308	0x0000000a	0x20001a50

(gdb) s
crash_report (pReport=0x2007ffe4) at /home/pi/pico/PicoBB/src/pico/stack_trap.c:58
58	    bool bHaveFrame = ( pReport[5] == pReport[9] ) && ( pReport[6] == pReport[10] )
(gdb) p/x *pReport@21
$1 = {0x20080208, 0x0, 0x0, 0x0, 0x0, 0x0, 0x0, 0x0, 0x0, 0x20080308, 0x28, 0x6, 0x20008c09, 0xc6d5d431, 0xffffffe9, 0x20080578, 
  0x28, 0x20008c0a, 0x20080000, 0x20080308, 0x20080308}

(gdb) info registers
r0             0x2007ffe4          537395172
r1             0x0                 0
r2             0x0                 0
r3             0x0                 0
r4             0xfffffff9          -7
r5             0x0                 0
r6             0x0                 0
r7             0x0                 0
r8             0x20080578          537396600
r9             0x28                40
r10            0x20008c0a          536906762
r11            0x20080000          537395200
r12            0x0                 0
sp             0x2007ffe4          0x2007ffe4
lr             0x0                 0
pc             0x10015fd0          0x10015fd0 <crash_report>
xpsr           0x1000000           16777216
fpscr          0x0                 0
msp            0x2007ffe4          0x2007ffe4
psp            0x0                 0x0
msp_ns         0x0                 0x0
psp_ns         0xfffffffc          0xfffffffc
msp_s          0x2007ffe4          0x2007ffe4
psp_s          0x0                 0x0
primask        0x0                 0
basepri        0x0                 0
faultmask      0x0                 0
control        0x0                 0
msplim_s       0x0                 0x0
psplim_s       0x0                 0x0
msplim_ns      0x0                 0x0
psplim_ns      0x0                 0x0
--Type <RET> for more, q to quit, c to continue without paging--
primask_s      0x0                 0
basepri_s      0x0                 0
faultmask_s    0x0                 0
control_s      0x0                 0
primask_ns     0x0                 0
basepri_ns     0x0                 0
faultmask_ns   0x0                 0
control_ns     0x0                 0

(gdb) s
60	    text ("\r\nR0 = ");
(gdb) 
text (txt=txt@entry=0x1004be70 "\r\nR0 = ") at /home/pi/pico/PicoBB/BBCSDL/src/bbmain.c:520
520		while (*txt)
(gdb) 
521			outchr (*txt++) ;
(gdb) 
outchr (al=13 '\r') at /home/pi/pico/PicoBB/BBCSDL/src/bbmain.c:485
485		oswrch (al) ;
(gdb) 
oswrch (vdu=vdu@entry=13 '\r') at /home/pi/pico/PicoBB/src/bbpico.c:1205
1205		if (((optval & 0x0F) > 0) && ((optval & 0x0F) < 14))
(gdb) 
1211		if (spchan)
(gdb) 
1221	    if ( bBBCtl )
(gdb) 
1228		if (vduq[10] != 0)		// Filling queue ?
(gdb) 
1247		else if (vdu >= 0x20)
(gdb) 
1263			vduq[10] = vdulen[(int) vdu];
(gdb) 
1265			if (vduq[10] != 0)
(gdb) 
1285		xeqvdu (*(int*)(pqueue + 8) & 0xFFFF, *(int*)(pqueue + 4), *(int*)pqueue);
(gdb) n

Thread 1 "rp2350.dap.core0" hit Breakpoint 1, stack_trap () at /home/pi/pico/PicoBB/src/pico/stack_trap.c:111
111		asm volatile(


R0 = 20080308  R8  = 20080578
R1 = 00000028  R9  = 00000028
R2 = 00000006  R10 = 20008C0A
R3 = 20008C09  R11 = 20080000
R4 = 20080308  R12 = C6D5D431
R5 = 20080308  SP  = 20080208
R6 = 0000000A  LR  = FFFFFFE9
R7 = 0000000A  PC  = ????????
SG = 00000000  PSP = ????????

r0             0x20080308          537395976
r1             0x28                40
r2             0x6                 6
r3             0x20008c09          536906761
r4             0x20080308          537395976
r5             0x20080308          537395976
r6             0xa                 10
r7             0x20001a50          536877648
r8             0x20080578          537396600
r9             0x28                40
r10            0x20008c0a          536906762
r11            0x20080000          537395200
r12            0xc6d5d431          -959065039
sp             0x200801e8          0x200801e8
lr             0xffffffe9          -23
pc             0x100161a8          0x100161a8 <stack_trap>
xpsr           0x81000003          -2130706429
fpscr          0x0                 0
msp            0x200801e8          0x200801e8
psp            0x0                 0x0
primask        0x0                 0
basepri        0x0                 0
faultmask      0x0                 0
control        0x0                 0

report[5]   = R0     0x20080308 Y (R4)  report[9]   = R0     0x20080308 Y
report[6]   = R1     0x20080308 N (R5)  report[10]  = R1     0x28       Y
report[7]   = R2     0xa        N (R6)  report[11]  = R2     0x6        Y
report[8]   = R3     0x20001a50 N (R7)  report[12]  = R3     0x20008c09 Y
report[19]  = R4     0x20080308 Y
report[20]  = R5     0x20080308 Y
report[21]  = R6     0xa        Y
report[22]  = R7     0x20001a50 Y
report[15]  = R8     0x20080578 Y
report[16]  = R9     0x28       Y
report[17]  = R10    0x20008c0a Y
report[18]  = R11    0x20080000 Y
report[1]   = R12    0x20080578 N (R8)  report{13]  = R12    0xc6d5d431 Y
report[0]   = SP     0x20080208 N (??)
report[2]   = LR     0x100159a1 N (??)  report[14]  = LR     0xffffffe9 Y
report[3]   = PC     0x2bdb7577 N (??)
report[4]   = PSP    0x1d4cd58f N (??)

$4 = {0x20080208, 0x20080578, 0x100159a1, 0x2bdb7577, 0x1d4cd58f, 0x20080308, 0x20080308, 0xa, 0x20001a50, 0x20080308, 0x28, 0x6, 
  0x20008c09, 0xc6d5d431, 0xffffffe9, 0x20080578, 0x28, 0x20008c0a, 0x20080000, 0x20080308, 0x20080308, 0xa, 0x20001a50}

============================================================================================================================================
Pico 1

R0 = 200404D8  R8  = 20041678
R1 = 1005223C  R9  = FFFFFFFF
R2 = 2000A81A  R10 = 2000A81B
R3 = 200402C8  R11 = 20040000
R4 = 200404D8  R12 = FFFFFFFF
R5 = 2004051C  SP  = 20040228
R6 = 200013A8  LR  = FFFFFFF9
R7 = 200404D8  PC  = ????????
SG = 20040040  PSP = ????????

r0             0x200404d8          537134296
r1             0x1005223c          268771900
r2             0x2000a81a          536913946
r3             0x200402c8          537133768
r4             0x200404d8          537134296
r5             0x2004051c          537134364
r6             0x200013a8          536875944
r7             0x200404d8          537134296
r8             0x20041678          537138808
r9             0xffffffff          -1
r10            0x2000a81b          536913947
r11            0x20040000          537133056
r12            0xffffffff          -1
sp             0x20040208          0x20040208
lr             0xfffffff9          -7
pc             0x100171ec          0x100171ec <stack_trap>
xpsr           0x1000003           16777219
msp            0x20040208          0x20040208
psp            0xfffffffc          0xfffffffc
primask        0x0                 0
basepri        0x0                 0
faultmask      0x0                 0
control        0x0                 0

(gdb) x/24xw $sp
0x20040208:	0x52119edb	0x8535bd3e	0xf8311847	0xd5270ab3
0x20040218:	0xbfa5d2d5	0x38abc8b5	0x975df82d	0x6fcfb4d1
0x20040228:	0x5e8eadd4	0x398b3d59	0x563714ac	0x9e612414
0x20040238:	0xf80c06b3	0xa95dfc1b	0xa6c3625e	0x9453ccb9
0x20040248:	0xc0ea7f32	0xab5fd26c	0xfa19c50e	0xa7cd1c9b
0x20040258:	0x77b4e1af	0x2b15d513	0x64572bbd	0xbd00b350

0x1001722e in stack_trap () at /home/pi/pico/PicoBB/src/pico/stack_trap.c:115
115		asm volatile(
1: x/i $pc
=> 0x1001722e <stack_trap+66>:	bx	r4
(gdb) x/24xw $sp
0x2003ffc4:	0x2003ffe4	0x00000000	0x00000000	0x00000000
0x2003ffd4:	0x00000000	0x00000000	0x10017021	0x01000000
0x2003ffe4:	0x20040228	0xbfa5d2d5	0x38abc8b5	0x975df82d
0x2003fff4:	0x6fcfb4d1	0x52119edb	0x8535bd3e	0xf8311847
0x20040004:	0xd5270ab3	0x200404d8	0x1005223c	0x2000a81a
0x20040014:	0x200402c8	0xffffffff	0xfffffff9	0x20041678
(gdb) info registers
r0             0x2003ffe4          537133028
r1             0x10017240          268530240
r2             0x10017021          268529697
r3             0x1000000           16777216
r4             0xfffffff9          -7
r5             0x0                 0
r6             0x975df82d          -1755449299
r7             0x6fcfb4d1          1875883217
r8             0x20041678          537138808
r9             0xffffffff          -1
r10            0x2000a81b          536913947
r11            0x20040000          537133056
r12            0xffffffff          -1
sp             0x2003ffc4          0x2003ffc4
lr             0xfffffff9          -7
pc             0x1001722e          0x1001722e <stack_trap+66>
xpsr           0x61000003          1627389955
msp            0x2003ffc4          0x2003ffc4
psp            0xfffffffc          0xfffffffc
primask        0x0                 0
basepri        0x0                 0
faultmask      0x0                 0
control        0x0                 0

============================================================================================================================================
Pico 2

115		asm volatile(
1: x/i $pc
=> 0x100161d8 <stack_trap+68>:	bx	r4
(gdb) info registers
r0             0x2007ffe4          537395172
r1             0x100161ec          268526060
r2             0x10015fd9          268525529
r3             0x1000000           16777216
r4             0xfffffff9          -7
r5             0x0                 0
r6             0xadf7477           182416503
r7             0x190cd58f          420271503
r8             0x20080578          537396600
r9             0x28                40
r10            0x20008c0a          536906762
r11            0x20080000          537395200
r12            0xc6d5d431          -959065039
sp             0x2007ffc4          0x2007ffc4
lr             0xffffffe9          -23
pc             0x100161d8          0x100161d8 <stack_trap+68>
xpsr           0x29000003          687865859
fpscr          0x0                 0
msp            0x2007ffc4          0x2007ffc4
psp            0x0                 0x0
msp_ns         0x0                 0x0
psp_ns         0xfffffffc          0xfffffffc
msp_s          0x2007ffc4          0x2007ffc4
psp_s          0x0                 0x0
primask        0x0                 0
basepri        0x0                 0
faultmask      0x0                 0
control        0x0                 0
msplim_s       0x0                 0x0
psplim_s       0x0                 0x0
msplim_ns      0x0                 0x0
psplim_ns      0x0                 0x0
--Type <RET> for more, q to quit, c to continue without paging--
primask_s      0x0                 0
basepri_s      0x0                 0
faultmask_s    0x0                 0
control_s      0x0                 0
primask_ns     0x0                 0
basepri_ns     0x0                 0
faultmask_ns   0x0                 0
control_ns     0x0                 0
(gdb) x/32xw $sp
0x2007ffc4:	0x2007ffe4	0x00000000	0x00000000	0x00000000
0x2007ffd4:	0x00000000	0x00000000	0x10015fd9	0x01000000
0x2007ffe4:	0x20080208	0x47f5b5a1	0x61bf961f	0x0adf7477
0x2007fff4:	0x190cd58f	0x5facd804	0xaaa1a213	0x441f59ec
0x20080004:	0x4411defa	0x20080308	0x00000028	0x00000006
0x20080014:	0x20008c09	0xc6d5d431	0xffffffe9	0x20080578
0x20080024:	0x00000028	0x20008c0a	0x20080000	0x20080308
0x20080034:	0x20080308	0x0000000a	0x20001a50	0x7ddd9061
(gdb) si
crash_report (pReport=0x2007ffe4) at /home/pi/pico/PicoBB/src/pico/stack_trap.c:61
61	    bool bHaveFrame = ( pReport[5] == pReport[9] ) && ( pReport[6] == pReport[10] )
1: x/i $pc
=> 0x10015fd8 <crash_report>:	ldr	r2, [r0, #20]
(gdb) info registers
r0             0x2007ffe4          537395172
r1             0x0                 0
r2             0x0                 0
r3             0x0                 0
r4             0xfffffff9          -7
r5             0x0                 0
r6             0xadf7477           182416503
r7             0x190cd58f          420271503
r8             0x20080578          537396600
r9             0x28                40
r10            0x20008c0a          536906762
r11            0x20080000          537395200
r12            0x0                 0
sp             0x2007ffe4          0x2007ffe4
lr             0x0                 0
pc             0x10015fd8          0x10015fd8 <crash_report>
xpsr           0x1000000           16777216
fpscr          0x0                 0
msp            0x2007ffe4          0x2007ffe4
psp            0x0                 0x0
msp_ns         0x0                 0x0
psp_ns         0xfffffffc          0xfffffffc
msp_s          0x2007ffe4          0x2007ffe4
psp_s          0x0                 0x0
primask        0x0                 0
basepri        0x0                 0
faultmask      0x0                 0
control        0x0                 0
msplim_s       0x0                 0x0
psplim_s       0x0                 0x0
msplim_ns      0x0                 0x0
psplim_ns      0x0                 0x0
--Type <RET> for more, q to quit, c to continue without paging--
primask_s      0x0                 0
basepri_s      0x0                 0
faultmask_s    0x0                 0
control_s      0x0                 0
primask_ns     0x0                 0
basepri_ns     0x0                 0
faultmask_ns   0x0                 0
control_ns     0x0                 0

hread 1 "rp2350.dap.core0" hit Breakpoint 1, stack_trap () at /home/pi/pico/PicoBB/src/pico/stack_trap.c:115
115		asm volatile(
1: x/i $pc
=> 0x10016194 <stack_trap>:	pushmi	{r0, r1, r2, r3}
(gdb) info registers
r0             0x400b0000          1074462720
r1             0x2d755e6           47666662
r2             0x2d755e6           47666662
r3             0x0                 0
r4             0x0                 0
r5             0x0                 0
r6             0x20005320          536892192
r7             0x0                 0
r8             0x20004d88          536890760
r9             0x20004d8c          536890764
r10            0x1                 1
r11            0x20080000          537395200
r12            0x4                 4
sp             0x2007fed0          0x2007fed0
lr             0xfffffff1          -15
pc             0x10016194          0x10016194 <stack_trap>
xpsr           0x61000003          1627389955
fpscr          0x0                 0
msp            0x2007fed0          0x2007fed0
psp            0x0                 0x0
msp_ns         0x0                 0x0
psp_ns         0xfffffffc          0xfffffffc
msp_s          0x2007fed0          0x2007fed0
psp_s          0x0                 0x0
primask        0x0                 0
basepri        0x0                 0
faultmask      0x0                 0
control        0x0                 0
msplim_s       0x0                 0x0
psplim_s       0x0                 0x0
msplim_ns      0x0                 0x0
psplim_ns      0x0                 0x0
--Type <RET> for more, q to quit, c to continue without paging--
primask_s      0x0                 0
basepri_s      0x0                 0
faultmask_s    0x0                 0
control_s      0x0                 0
primask_ns     0x0                 0
basepri_ns     0x0                 0
faultmask_ns   0x0                 0
control_ns     0x0                 0

(gdb) x/64xw $sp
0x2007fed0:	0x400b0000	0x02d755e6	0x02d755e6	0x00000000
0x2007fee0:	0x00000004	0xfffffff9	0x1001d3a4	0x61000213
0x2007fef0:	0x00000004	0x00000000	0x00000000	0x20005320
0x2007ff00:	0x00000000	0x20004d88	0x20004d8c	0x00000001
0x2007ff10:	0x20080000	0xfffffff9	0x400b0000	0x02d755e6
0x2007ff20:	0x02d755e6	0x00000000	0x00000004	0x10008ccb
0x2007ff30:	0x10008cca	0x61000200	0x10008ccb	0x0000be0a
0x2007ff40:	0x10006c07	0x00000000	0x20005320	0x00000000
0x2007ff50:	0x20005320	0x00000020	0x20002510	0x00000000
0x2007ff60:	0x00000028	0x20008c0a	0x1000515b	0x00000a00
0x2007ff70:	0x00000000	0x00000a00	0x20002510	0x20001cda
0x2007ff80:	0x10005431	0x00000a00	0x00000000	0x20001d50
0x2007ff90:	0x20001c68	0x0adf7477	0x190cd58f	0x20080578
0x2007ffa0:	0x00000028	0x20008c0a	0x1000771b	0x0000000a
0x2007ffb0:	0x0a0058ec	0x00000000	0x0000000a	0x00000000
0x2007ffc0:	0x1000398d	0x1004bed5	0x10003a15	0x2007ffe4
